<?xml version="1.0" encoding="UTF-8"?>
<testng-results ignored="0" total="1" passed="1" failed="0" skipped="0">
  <reporter-output>
  </reporter-output>
  <suite started-at="2026-07-13T12:00:46 IST" name="Suite" finished-at="2026-07-13T12:00:55 IST" duration-ms="9409">
    <groups>
    </groups>
    <test started-at="2026-07-13T12:00:46 IST" name="Test" finished-at="2026-07-13T12:00:55 IST" duration-ms="9409">
      <class name="testscript.ManageNewsTest">
        <test-method is-config="true" signature="initializedriver(java.lang.String)[pri:0, instance:testscript.ManageNewsTest@14bdbc74]" started-at="2026-07-13T12:00:46 IST" name="initializedriver" finished-at="2026-07-13T12:00:50 IST" duration-ms="3973" status="PASS">
          <params>
            <param index="0">
              <value>
                <![CDATA[chrome]]>
              </value>
            </param>
          </params>
          <reporter-output>
          </reporter-output>
        </test-method> <!-- initializedriver -->
        <test-method signature="verifyTheUserIsAbleToUpdateManageNews()[pri:0, instance:testscript.ManageNewsTest@14bdbc74]" started-at="2026-07-13T12:00:50 IST" name="verifyTheUserIsAbleToUpdateManageNews" finished-at="2026-07-13T12:00:54 IST" duration-ms="4539" status="PASS">
          <reporter-output>
          </reporter-output>
        </test-method> <!-- verifyTheUserIsAbleToUpdateManageNews -->
        <test-method is-config="true" signature="browserQuit(org.testng.ITestResult)[pri:0, instance:testscript.ManageNewsTest@14bdbc74]" started-at="2026-07-13T12:00:54 IST" name="browserQuit" finished-at="2026-07-13T12:00:55 IST" duration-ms="829" status="PASS">
          <params>
            <param index="0">
              <value>
                <![CDATA[[TestResult name=verifyTheUserIsAbleToUpdateManageNews status=SUCCESS method=ManageNewsTest.verifyTheUserIsAbleToUpdateManageNews()[pri:0, instance:testscript.ManageNewsTest@14bdbc74] output={null}]]]>
              </value>
            </param>
          </params>
          <reporter-output>
          </reporter-output>
        </test-method> <!-- browserQuit -->
      </class> <!-- testscript.ManageNewsTest -->
    </test> <!-- Test -->
  </suite> <!-- Suite -->
</testng-results>
