<?xml version="1.0" encoding="UTF-8"?>
<!-- Generated by org.testng.reporters.JUnitReportReporter -->
<testsuite hostname="gokul" failures="0" tests="2" name="testscript.AdminTest" time="22.973" errors="0" timestamp="2026-07-13T11:51:11 IST" skipped="0">
  <testcase classname="testscript.AdminTest" name="verifyTheUserIsAbleToAddNewItemInAdminUsersPage" time="15.672"/>
  <testcase classname="testscript.AdminTest" name="verifyTheUserIsAbleToAddNewItemInAdminUsersPage" time="7.301"/>
</testsuite> <!-- testscript.AdminTest -->
