<?xml version="1.0" encoding="UTF-8"?>
<!-- Generated by org.testng.reporters.JUnitReportReporter -->
<testsuite hostname="gokul" failures="0" tests="2" name="testscript.LoginTest" time="26.692" errors="0" timestamp="2026-07-13T11:51:11 IST" skipped="0">
  <testcase classname="testscript.LoginTest" name="verifyTheUserIsAbleToLoginValidCredentials" time="16.917"/>
  <testcase classname="testscript.LoginTest" name="verifyTheUserIsAbleToLoginValidCredentials" time="9.775"/>
</testsuite> <!-- testscript.LoginTest -->
