<?xml version="1.0" encoding="UTF-8"?>
<!-- Generated by org.testng.reporters.JUnitXMLReporter -->
<testsuite ignored="3" hostname="gokul" failures="3" tests="6" name="FirefoxTest" time="122.502" errors="0" timestamp="2026-07-13T11:51:11 IST">
  <testcase classname="testscript.LoginTest" name="verifyTheUserIsAbleToLoginValidCredentials" time="1.86"/>
  <testcase classname="testscript.AdminTest" name="verifyTheUserIsAbleToAddNewItemInAdminUsersPage" time="4.973"/>
  <testcase classname="testscript.ManageCategoryTest" name="userIsAbleToEnterManageCateogoryPage" time="6.487">
    <failure type="org.openqa.selenium.interactions.MoveTargetOutOfBoundsException" message="Move target (334, 763) is out of bounds of viewport dimensions (1536, 731)
Build info: version: &amp;apos;4.27.0&amp;apos;, revision: &amp;apos;d6e718d134&amp;apos;
System info: os.name: &amp;apos;Windows 11&amp;apos;, os.arch: &amp;apos;amd64&amp;apos;, os.version: &amp;apos;10.0&amp;apos;, java.version: &amp;apos;21.0.10&amp;apos;
Driver info: org.openqa.selenium.firefox.FirefoxDriver
Command: [b6e331f7-8465-4626-9d8b-0f9c133eb997, actions {actions=[org.openqa.selenium.interactions.Sequence@2bd28d49]}]
Capabilities {acceptInsecureCerts: true, browserName: firefox, browserVersion: 152.0.5, moz:accessibilityChecks: false, moz:buildID: 20260706120035, moz:geckodriverVersion: 0.37.0, moz:headless: false, moz:platformVersion: 10.0, moz:processID: 37004, moz:profile: C:\Users\gokul\AppData\Loca..., moz:shutdownTimeout: 60000, moz:webdriverClick: true, moz:windowless: false, pageLoadStrategy: normal, platformName: windows, proxy: Proxy(), setWindowRect: true, strictFileInteractability: false, timeouts: {implicit: 0, pageLoad: 300000, script: 30000}, unhandledPromptBehavior: dismiss and notify, userAgent: Mozilla/5.0 (Windows NT 10....}
Session ID: b6e331f7-8465-4626-9d8b-0f9c133eb997">
      <![CDATA[org.openqa.selenium.interactions.MoveTargetOutOfBoundsException: Move target (334, 763) is out of bounds of viewport dimensions (1536, 731)
Build info: version: '4.27.0', revision: 'd6e718d134'
System info: os.name: 'Windows 11', os.arch: 'amd64', os.version: '10.0', java.version: '21.0.10'
Driver info: org.openqa.selenium.firefox.FirefoxDriver
Command: [b6e331f7-8465-4626-9d8b-0f9c133eb997, actions {actions=[org.openqa.selenium.interactions.Sequence@2bd28d49]}]
Capabilities {acceptInsecureCerts: true, browserName: firefox, browserVersion: 152.0.5, moz:accessibilityChecks: false, moz:buildID: 20260706120035, moz:geckodriverVersion: 0.37.0, moz:headless: false, moz:platformVersion: 10.0, moz:processID: 37004, moz:profile: C:\Users\gokul\AppData\Loca..., moz:shutdownTimeout: 60000, moz:webdriverClick: true, moz:windowless: false, pageLoadStrategy: normal, platformName: windows, proxy: Proxy(), setWindowRect: true, strictFileInteractability: false, timeouts: {implicit: 0, pageLoad: 300000, script: 30000}, unhandledPromptBehavior: dismiss and notify, userAgent: Mozilla/5.0 (Windows NT 10....}
Session ID: b6e331f7-8465-4626-9d8b-0f9c133eb997
at org.openqa.selenium.remote.ErrorCodec.decode(ErrorCodec.java:167)
at org.openqa.selenium.remote.codec.w3c.W3CHttpResponseCodec.decode(W3CHttpResponseCodec.java:138)
at org.openqa.selenium.remote.codec.w3c.W3CHttpResponseCodec.decode(W3CHttpResponseCodec.java:50)
at org.openqa.selenium.remote.HttpCommandExecutor.execute(HttpCommandExecutor.java:190)
at org.openqa.selenium.remote.service.DriverCommandExecutor.invokeExecute(DriverCommandExecutor.java:216)
at org.openqa.selenium.remote.service.DriverCommandExecutor.execute(DriverCommandExecutor.java:174)
at org.openqa.selenium.remote.RemoteWebDriver.execute(RemoteWebDriver.java:545)
at org.openqa.selenium.remote.RemoteWebDriver.perform(RemoteWebDriver.java:631)
at org.openqa.selenium.interactions.Actions$BuiltAction.perform(Actions.java:613)
at org.openqa.selenium.interactions.Actions.perform(Actions.java:578)
at utilities.PageUtility.click(PageUtility.java:13)
at page.ManageCategoryPage.clickSave(ManageCategoryPage.java:65)
at testscript.ManageCategoryTest.userIsAbleToEnterManageCateogoryPage(ManageCategoryTest.java:29)
at java.base/java.util.ArrayList.forEach(ArrayList.java:1596)
... Removed 28 stack frames]]>
    </failure>
  </testcase> <!-- userIsAbleToEnterManageCateogoryPage -->
  <testcase classname="testscript.ManageDeliveryBoyTest" name="verifyTheUserIsAbleToUpdateManageDeliveryBoyPage" time="15.416">
    <failure type="org.openqa.selenium.json.JsonException" message="java.lang.reflect.InvocationTargetException
Build info: version: &amp;apos;4.27.0&amp;apos;, revision: &amp;apos;d6e718d134&amp;apos;
System info: os.name: &amp;apos;Windows 11&amp;apos;, os.arch: &amp;apos;amd64&amp;apos;, os.version: &amp;apos;10.0&amp;apos;, java.version: &amp;apos;21.0.10&amp;apos;
Driver info: org.openqa.selenium.firefox.FirefoxDriver
Command: [d82e56f7-4558-4b84-8e09-54f5705f083f, actions {actions=[org.openqa.selenium.interactions.Sequence@66233e1c]}]
Capabilities {acceptInsecureCerts: true, browserName: firefox, browserVersion: 152.0.5, moz:accessibilityChecks: false, moz:buildID: 20260706120035, moz:geckodriverVersion: 0.37.0, moz:headless: false, moz:platformVersion: 10.0, moz:processID: 49080, moz:profile: C:\Users\gokul\AppData\Loca..., moz:shutdownTimeout: 60000, moz:webdriverClick: true, moz:windowless: false, pageLoadStrategy: normal, platformName: windows, proxy: Proxy(), setWindowRect: true, strictFileInteractability: false, timeouts: {implicit: 0, pageLoad: 300000, script: 30000}, unhandledPromptBehavior: dismiss and notify, userAgent: Mozilla/5.0 (Windows NT 10....}
Session ID: d82e56f7-4558-4b84-8e09-54f5705f083f">
      <![CDATA[org.openqa.selenium.json.JsonException: java.lang.reflect.InvocationTargetException
Build info: version: '4.27.0', revision: 'd6e718d134'
System info: os.name: 'Windows 11', os.arch: 'amd64', os.version: '10.0', java.version: '21.0.10'
Driver info: org.openqa.selenium.firefox.FirefoxDriver
Command: [d82e56f7-4558-4b84-8e09-54f5705f083f, actions {actions=[org.openqa.selenium.interactions.Sequence@66233e1c]}]
Capabilities {acceptInsecureCerts: true, browserName: firefox, browserVersion: 152.0.5, moz:accessibilityChecks: false, moz:buildID: 20260706120035, moz:geckodriverVersion: 0.37.0, moz:headless: false, moz:platformVersion: 10.0, moz:processID: 49080, moz:profile: C:\Users\gokul\AppData\Loca..., moz:shutdownTimeout: 60000, moz:webdriverClick: true, moz:windowless: false, pageLoadStrategy: normal, platformName: windows, proxy: Proxy(), setWindowRect: true, strictFileInteractability: false, timeouts: {implicit: 0, pageLoad: 300000, script: 30000}, unhandledPromptBehavior: dismiss and notify, userAgent: Mozilla/5.0 (Windows NT 10....}
Session ID: d82e56f7-4558-4b84-8e09-54f5705f083f
at org.openqa.selenium.json.JsonOutput.convertUsingMethod(JsonOutput.java:520)
at org.openqa.selenium.json.JsonOutput.lambda$new$16(JsonOutput.java:182)
at org.openqa.selenium.json.JsonOutput.write0(JsonOutput.java:409)
at org.openqa.selenium.json.JsonOutput.lambda$new$22(JsonOutput.java:204)
at java.base/java.util.stream.ForEachOps$ForEachOp$OfRef.accept(ForEachOps.java:184)
at java.base/java.util.stream.ReferencePipeline$2$1.accept(ReferencePipeline.java:179)
at java.base/java.util.Iterator.forEachRemaining(Iterator.java:133)
at java.base/java.util.Spliterators$IteratorSpliterator.forEachRemaining(Spliterators.java:1939)
at java.base/java.util.stream.AbstractPipeline.copyInto(AbstractPipeline.java:509)
at java.base/java.util.stream.AbstractPipeline.wrapAndCopyInto(AbstractPipeline.java:499)
at java.base/java.util.stream.ForEachOps$ForEachOp.evaluateSequential(ForEachOps.java:151)
at java.base/java.util.stream.ForEachOps$ForEachOp$OfRef.evaluateSequential(ForEachOps.java:174)
at java.base/java.util.stream.AbstractPipeline.evaluate(AbstractPipeline.java:234)
at java.base/java.util.stream.ReferencePipeline.forEach(ReferencePipeline.java:596)
at org.openqa.selenium.json.JsonOutput.lambda$new$23(JsonOutput.java:204)
at org.openqa.selenium.json.JsonOutput.write0(JsonOutput.java:409)
at org.openqa.selenium.json.JsonOutput.lambda$new$24(JsonOutput.java:222)
at java.base/java.util.Map.forEach(Map.java:733)
at org.openqa.selenium.json.JsonOutput.lambda$new$25(JsonOutput.java:217)
at org.openqa.selenium.json.JsonOutput.write0(JsonOutput.java:409)
at org.openqa.selenium.json.JsonOutput.write(JsonOutput.java:400)
at org.openqa.selenium.json.Json.toJson(Json.java:133)
at org.openqa.selenium.json.Json.toJson(Json.java:119)
at org.openqa.selenium.remote.codec.AbstractHttpCommandCodec.encode(AbstractHttpCommandCodec.java:245)
at org.openqa.selenium.remote.codec.AbstractHttpCommandCodec.encode(AbstractHttpCommandCodec.java:111)
at org.openqa.selenium.remote.HttpCommandExecutor.execute(HttpCommandExecutor.java:178)
at org.openqa.selenium.remote.service.DriverCommandExecutor.invokeExecute(DriverCommandExecutor.java:216)
at org.openqa.selenium.remote.service.DriverCommandExecutor.execute(DriverCommandExecutor.java:174)
at org.openqa.selenium.remote.RemoteWebDriver.execute(RemoteWebDriver.java:545)
at org.openqa.selenium.remote.RemoteWebDriver.perform(RemoteWebDriver.java:631)
at org.openqa.selenium.interactions.Actions$BuiltAction.perform(Actions.java:613)
at org.openqa.selenium.interactions.Actions.perform(Actions.java:578)
at utilities.PageUtility.clickSave(PageUtility.java:42)
at page.ManageDeliveryBoy.clickSaveButton(ManageDeliveryBoy.java:68)
at testscript.ManageDeliveryBoyTest.verifyTheUserIsAbleToUpdateManageDeliveryBoyPage(ManageDeliveryBoyTest.java:36)
at java.base/java.util.ArrayList.forEach(ArrayList.java:1596)
Suppressed: org.openqa.selenium.json.JsonException: Attempting to close incomplete json stream
Build info: version: '4.27.0', revision: 'd6e718d134'
System info: os.name: 'Windows 11', os.arch: 'amd64', os.version: '10.0', java.version: '21.0.10'
Driver info: driver.version: RemoteWebDriver
at org.openqa.selenium.json.JsonOutput.close(JsonOutput.java:431)
at org.openqa.selenium.json.Json.toJson(Json.java:131)
... 39 more
at org.openqa.selenium.json.JsonOutput.convertUsingMethod(JsonOutput.java:516)
... 60 more
Caused by: org.openqa.selenium.NoSuchElementException: Unable to locate element: //button[@class='btn btn-block-sm btn-danger'and@name='Create']
For documentation on this error, please visit: https://www.selenium.dev/documentation/webdriver/troubleshooting/errors#no-such-element-exception
Build info: version: '4.27.0', revision: 'd6e718d134'
System info: os.name: 'Windows 11', os.arch: 'amd64', os.version: '10.0', java.version: '21.0.10'
Driver info: org.openqa.selenium.firefox.FirefoxDriver
Command: [d82e56f7-4558-4b84-8e09-54f5705f083f, findElement {value=//button[@class='btn btn-block-sm btn-danger'and@name='Create'], using=xpath}]
Capabilities {acceptInsecureCerts: true, browserName: firefox, browserVersion: 152.0.5, moz:accessibilityChecks: false, moz:buildID: 20260706120035, moz:geckodriverVersion: 0.37.0, moz:headless: false, moz:platformVersion: 10.0, moz:processID: 49080, moz:profile: C:\Users\gokul\AppData\Loca..., moz:shutdownTimeout: 60000, moz:webdriverClick: true, moz:windowless: false, pageLoadStrategy: normal, platformName: windows, proxy: Proxy(), setWindowRect: true, strictFileInteractability: false, timeouts: {implicit: 0, pageLoad: 300000, script: 30000}, unhandledPromptBehavior: dismiss and notify, userAgent: Mozilla/5.0 (Windows NT 10....}
Session ID: d82e56f7-4558-4b84-8e09-54f5705f083f
at org.openqa.selenium.remote.ErrorCodec.decode(ErrorCodec.java:167)
at org.openqa.selenium.remote.codec.w3c.W3CHttpResponseCodec.decode(W3CHttpResponseCodec.java:138)
at org.openqa.selenium.remote.codec.w3c.W3CHttpResponseCodec.decode(W3CHttpResponseCodec.java:50)
at org.openqa.selenium.remote.HttpCommandExecutor.execute(HttpCommandExecutor.java:190)
at org.openqa.selenium.remote.service.DriverCommandExecutor.invokeExecute(DriverCommandExecutor.java:216)
at org.openqa.selenium.remote.service.DriverCommandExecutor.execute(DriverCommandExecutor.java:174)
at org.openqa.selenium.remote.RemoteWebDriver.execute(RemoteWebDriver.java:545)
at org.openqa.selenium.remote.ElementLocation$ElementFinder$2.findElement(ElementLocation.java:165)
at org.openqa.selenium.remote.ElementLocation.findElement(ElementLocation.java:59)
at org.openqa.selenium.remote.RemoteWebDriver.findElement(RemoteWebDriver.java:368)
at org.openqa.selenium.remote.RemoteWebDriver.findElement(RemoteWebDriver.java:362)
at org.openqa.selenium.support.pagefactory.DefaultElementLocator.findElement(DefaultElementLocator.java:68)
at org.openqa.selenium.support.pagefactory.internal.LocatingElementHandler.invoke(LocatingElementHandler.java:38)
at jdk.proxy2/jdk.proxy2.$Proxy13.getWrappedElement(Unknown Source)
at org.openqa.selenium.interactions.PointerInput$Origin.asArg(PointerInput.java:259)
at org.openqa.selenium.interactions.PointerInput$Move.encode(PointerInput.java:208)
at org.openqa.selenium.interactions.Sequence.encode(Sequence.java:72)
at org.openqa.selenium.interactions.Sequence.toJson(Sequence.java:81)
... 62 more
... Removed 32 stack frames]]>
    </failure>
  </testcase> <!-- verifyTheUserIsAbleToUpdateManageDeliveryBoyPage -->
  <testcase classname="testscript.ManageNewsTest" name="verifyTheUserIsAbleToUpdateManageNews" time="5.524"/>
  <testcase classname="testscript.ManageOfferCodeTest" name="verifyTheUserIsAbleToUpdateManageOfferCodePage" time="11.434">
    <failure type="org.openqa.selenium.NoSuchElementException" message="Unable to locate element: //a[@href=&amp;apos;https://groceryapp.uniqassosiates.com/admin/list-offercode&amp;apos;and@class=&amp;apos;small-box-footer&amp;apos;]
For documentation on this error, please visit: https://www.selenium.dev/documentation/webdriver/troubleshooting/errors#no-such-element-exception
Build info: version: &amp;apos;4.27.0&amp;apos;, revision: &amp;apos;d6e718d134&amp;apos;
System info: os.name: &amp;apos;Windows 11&amp;apos;, os.arch: &amp;apos;amd64&amp;apos;, os.version: &amp;apos;10.0&amp;apos;, java.version: &amp;apos;21.0.10&amp;apos;
Driver info: org.openqa.selenium.firefox.FirefoxDriver
Command: [4cffa66e-bc5c-4747-a500-3b9a58297425, findElement {value=//a[@href=&amp;apos;https://groceryapp.uniqassosiates.com/admin/list-offercode&amp;apos;and@class=&amp;apos;small-box-footer&amp;apos;], using=xpath}]
Capabilities {acceptInsecureCerts: true, browserName: firefox, browserVersion: 152.0.5, moz:accessibilityChecks: false, moz:buildID: 20260706120035, moz:geckodriverVersion: 0.37.0, moz:headless: false, moz:platformVersion: 10.0, moz:processID: 47972, moz:profile: C:\Users\gokul\AppData\Loca..., moz:shutdownTimeout: 60000, moz:webdriverClick: true, moz:windowless: false, pageLoadStrategy: normal, platformName: windows, proxy: Proxy(), setWindowRect: true, strictFileInteractability: false, timeouts: {implicit: 0, pageLoad: 300000, script: 30000}, unhandledPromptBehavior: dismiss and notify, userAgent: Mozilla/5.0 (Windows NT 10....}
Session ID: 4cffa66e-bc5c-4747-a500-3b9a58297425">
      <![CDATA[org.openqa.selenium.NoSuchElementException: Unable to locate element: //a[@href='https://groceryapp.uniqassosiates.com/admin/list-offercode'and@class='small-box-footer']
For documentation on this error, please visit: https://www.selenium.dev/documentation/webdriver/troubleshooting/errors#no-such-element-exception
Build info: version: '4.27.0', revision: 'd6e718d134'
System info: os.name: 'Windows 11', os.arch: 'amd64', os.version: '10.0', java.version: '21.0.10'
Driver info: org.openqa.selenium.firefox.FirefoxDriver
Command: [4cffa66e-bc5c-4747-a500-3b9a58297425, findElement {value=//a[@href='https://groceryapp.uniqassosiates.com/admin/list-offercode'and@class='small-box-footer'], using=xpath}]
Capabilities {acceptInsecureCerts: true, browserName: firefox, browserVersion: 152.0.5, moz:accessibilityChecks: false, moz:buildID: 20260706120035, moz:geckodriverVersion: 0.37.0, moz:headless: false, moz:platformVersion: 10.0, moz:processID: 47972, moz:profile: C:\Users\gokul\AppData\Loca..., moz:shutdownTimeout: 60000, moz:webdriverClick: true, moz:windowless: false, pageLoadStrategy: normal, platformName: windows, proxy: Proxy(), setWindowRect: true, strictFileInteractability: false, timeouts: {implicit: 0, pageLoad: 300000, script: 30000}, unhandledPromptBehavior: dismiss and notify, userAgent: Mozilla/5.0 (Windows NT 10....}
Session ID: 4cffa66e-bc5c-4747-a500-3b9a58297425
at org.openqa.selenium.remote.ErrorCodec.decode(ErrorCodec.java:167)
at org.openqa.selenium.remote.codec.w3c.W3CHttpResponseCodec.decode(W3CHttpResponseCodec.java:138)
at org.openqa.selenium.remote.codec.w3c.W3CHttpResponseCodec.decode(W3CHttpResponseCodec.java:50)
at org.openqa.selenium.remote.HttpCommandExecutor.execute(HttpCommandExecutor.java:190)
at org.openqa.selenium.remote.service.DriverCommandExecutor.invokeExecute(DriverCommandExecutor.java:216)
at org.openqa.selenium.remote.service.DriverCommandExecutor.execute(DriverCommandExecutor.java:174)
at org.openqa.selenium.remote.RemoteWebDriver.execute(RemoteWebDriver.java:545)
at org.openqa.selenium.remote.ElementLocation$ElementFinder$2.findElement(ElementLocation.java:165)
at org.openqa.selenium.remote.ElementLocation.findElement(ElementLocation.java:59)
at org.openqa.selenium.remote.RemoteWebDriver.findElement(RemoteWebDriver.java:368)
at org.openqa.selenium.remote.RemoteWebDriver.findElement(RemoteWebDriver.java:362)
at org.openqa.selenium.support.pagefactory.DefaultElementLocator.findElement(DefaultElementLocator.java:68)
at org.openqa.selenium.support.pagefactory.internal.LocatingElementHandler.invoke(LocatingElementHandler.java:38)
at jdk.proxy2/jdk.proxy2.$Proxy13.click(Unknown Source)
at page.ManageOfferCodePage.clickManageOfferCodeInfo(ManageOfferCodePage.java:47)
at testscript.ManageOfferCodeTest.verifyTheUserIsAbleToUpdateManageOfferCodePage(ManageOfferCodeTest.java:21)
at java.base/java.util.ArrayList.forEach(ArrayList.java:1596)
... Removed 28 stack frames]]>
    </failure>
  </testcase> <!-- verifyTheUserIsAbleToUpdateManageOfferCodePage -->
  <testcase classname="testscript.LoginTest" name="verifyTheUserIsAbleToLoginInValidCredentials" time="0.0">
    <ignored/>
  </testcase> <!-- verifyTheUserIsAbleToLoginInValidCredentials -->
  <testcase classname="testscript.LoginTest" name="verifyTheUserIsAbleToLoginIncorrectUserNameAndValidPassword" time="0.0">
    <ignored/>
  </testcase> <!-- verifyTheUserIsAbleToLoginIncorrectUserNameAndValidPassword -->
  <testcase classname="testscript.LoginTest" name="verifyTheUserIsAbleToLoginCorrectUserNameAndInValidPassword" time="0.0">
    <ignored/>
  </testcase> <!-- verifyTheUserIsAbleToLoginCorrectUserNameAndInValidPassword -->
</testsuite> <!-- FirefoxTest -->
